2022-08-13 17:03:33,809 INFO Main [main] –£–∫–∞–∑—ã–≤–∞–µ–º –¥—Ä–∞–π–≤–µ—Ä
2022-08-13 17:03:33,812 INFO Main [main] –î—Ä–∞–π–≤–µ—Ä —É–∫–∞–∑–∞–Ω
2022-08-13 17:03:44,432 INFO Main [main] –£–∫–∞–∑—ã–≤–∞–µ–º –¥—Ä–∞–π–≤–µ—Ä
2022-08-13 17:03:44,434 INFO Main [main] –î—Ä–∞–π–≤–µ—Ä —É–∫–∞–∑–∞–Ω
2022-08-13 17:05:06,533 INFO Main [main] –£–∫–∞–∑—ã–≤–∞–µ–º –¥—Ä–∞–π–≤–µ—Ä
2022-08-13 17:05:06,537 INFO Main [main] –î—Ä–∞–π–≤–µ—Ä —É–∫–∞–∑–∞–Ω
2022-08-13 17:05:26,544 INFO Main [main] –£–∫–∞–∑—ã–≤–∞–µ–º –¥—Ä–∞–π–≤–µ—Ä
2022-08-13 17:05:26,547 INFO Main [main] –î—Ä–∞–π–≤–µ—Ä —É–∫–∞–∑–∞–Ω
2022-08-13 17:05:56,068 INFO Main [main] –£–∫–∞–∑—ã–≤–∞–µ–º –¥—Ä–∞–π–≤–µ—Ä
2022-08-13 17:05:56,072 INFO Main [main] –î—Ä–∞–π–≤–µ—Ä —É–∫–∞–∑–∞–Ω
2022-08-13 17:07:03,042 INFO Main [main] –£–∫–∞–∑—ã–≤–∞–µ–º –¥—Ä–∞–π–≤–µ—Ä
2022-08-13 17:07:03,045 INFO Main [main] –î—Ä–∞–π–≤–µ—Ä —É–∫–∞–∑–∞–Ω
2022-08-13 17:12:26,761 INFO Main [main] –£–∫–∞–∑—ã–≤–∞–µ–º –¥—Ä–∞–π–≤–µ—Ä
2022-08-13 17:12:26,764 INFO Main [main] –î—Ä–∞–π–≤–µ—Ä —É–∫–∞–∑–∞–Ω
2022-08-13 17:12:50,908 INFO Main [main] –£–∫–∞–∑—ã–≤–∞–µ–º –¥—Ä–∞–π–≤–µ—Ä
2022-08-13 17:12:50,911 INFO Main [main] –î—Ä–∞–π–≤–µ—Ä —É–∫–∞–∑–∞–Ω
2022-08-13 17:13:25,579 INFO Main [main] –£–∫–∞–∑—ã–≤–∞–µ–º –¥—Ä–∞–π–≤–µ—Ä
2022-08-13 17:13:25,582 INFO Main [main] –î—Ä–∞–π–≤–µ—Ä —É–∫–∞–∑–∞–Ω
2022-08-13 17:13:42,290 INFO Main [main] –£–∫–∞–∑—ã–≤–∞–µ–º –¥—Ä–∞–π–≤–µ—Ä
2022-08-13 17:13:42,293 INFO Main [main] –î—Ä–∞–π–≤–µ—Ä —É–∫–∞–∑–∞–Ω
2022-08-13 17:15:12,176 INFO Main [main] –£–∫–∞–∑—ã–≤–∞–µ–º –¥—Ä–∞–π–≤–µ—Ä
2022-08-13 17:15:12,179 INFO Main [main] –î—Ä–∞–π–≤–µ—Ä —É–∫–∞–∑–∞–Ω
2022-08-13 17:15:19,086 INFO Main [main] –£–∫–∞–∑—ã–≤–∞–µ–º –¥—Ä–∞–π–≤–µ—Ä
2022-08-13 17:15:19,089 INFO Main [main] –î—Ä–∞–π–≤–µ—Ä —É–∫–∞–∑–∞–Ω
2022-08-13 17:15:31,895 INFO Main [main] –£–∫–∞–∑—ã–≤–∞–µ–º –¥—Ä–∞–π–≤–µ—Ä
2022-08-13 17:15:31,898 INFO Main [main] –î—Ä–∞–π–≤–µ—Ä —É–∫–∞–∑–∞–Ω
2022-08-13 17:15:31,898 ERROR Main [main] asdasf
2022-08-13 17:17:03,406 INFO Main [main] –£–∫–∞–∑—ã–≤–∞–µ–º –¥—Ä–∞–π–≤–µ—Ä
2022-08-13 17:17:03,410 INFO Main [main] –î—Ä–∞–π–≤–µ—Ä —É–∫–∞–∑–∞–Ω
2022-08-13 17:17:16,515 INFO Main [main] –£–∫–∞–∑—ã–≤–∞–µ–º –¥—Ä–∞–π–≤–µ—Ä
2022-08-13 17:17:16,518 INFO Main [main] –î—Ä–∞–π–≤–µ—Ä —É–∫–∞–∑–∞–Ω
2022-08-13 17:17:16,518 ERROR Main [main] –∫—Ç–æ —Ç–æ –ø–æ–¥–µ–ª–∏–ª –Ω–∞ –Ω–æ–ª—å
2022-08-13 17:18:16,244 INFO Main [main] –£–∫–∞–∑—ã–≤–∞–µ–º –¥—Ä–∞–π–≤–µ—Ä
2022-08-13 17:18:16,248 INFO Main [main] –î—Ä–∞–π–≤–µ—Ä —É–∫–∞–∑–∞–Ω
2022-08-13 17:19:33,706 INFO Main [main] –£–∫–∞–∑—ã–≤–∞–µ–º –¥—Ä–∞–π–≤–µ—Ä
2022-08-13 17:19:33,708 INFO Main [main] –î—Ä–∞–π–≤–µ—Ä —É–∫–∞–∑–∞–Ω
2022-08-13 17:22:35,968 INFO Main [main] –£–∫–∞–∑—ã–≤–∞–µ–º –¥—Ä–∞–π–≤–µ—Ä
2022-08-13 17:22:35,972 INFO Main [main] –î—Ä–∞–π–≤–µ—Ä —É–∫–∞–∑–∞–Ω
2022-08-13 17:28:48,518 INFO Main [main] –£–∫–∞–∑—ã–≤–∞–µ–º –¥—Ä–∞–π–≤–µ—Ä
2022-08-13 17:28:48,522 INFO Main [main] –î—Ä–∞–π–≤–µ—Ä —É–∫–∞–∑–∞–Ω
2022-08-13 20:50:21,630 INFO SolutionTwo [main] [advcake_track_id=c5c3afd8-5858-2271-3018-e61b99c04bda; expires=ÔÌ, 12 ÒÂÌÚ. 2022 08:50:19 KRAT; path=/; domain=.otus.ru, oid=520dce34dcac0092d1644a5901296db0; expires=‚Ò, 17 ÒÂÌÚ. 2023 08:50:20 KRAT; path=/; domain=.otus.ru, _ym_d=1660398619; expires=‚Ò, 13 ‡‚„. 2023 08:50:19 KRAT; path=/; domain=.otus.ru;secure;; sameSite=None, sessionid=q3fja7vrb05akl4wood4zihmxhpe90xs; expires=ÔÚ, 11 ÌÓˇ·. 2022 08:50:18 KRAT; path=/; domain=otus.ru; sameSite=Lax, _tt_enable_cookie=1; expires=˜Ú, 07 ÒÂÌÚ. 2023 08:50:19 KRAT; path=/; domain=.otus.ru, _ym_visorc=w; expires=Ò·, 13 ‡‚„. 2022 09:20:20 KRAT; path=/; domain=.otus.ru;secure;; sameSite=None, _gid=GA1.2.1083936099.1660398620; expires=‚Ò, 14 ‡‚„. 2022 08:50:19 KRAT; path=/; domain=.otus.ru, utm=utm_source%3Dtypein%26utm_medium%3Ddirect%26utm_campaign%3DNone; expires=‚Ò, 17 ÒÂÌÚ. 2023 08:50:20 KRAT; path=/; domain=.otus.ru, _ym_uid=166039861953637617; expires=‚Ò, 13 ‡‚„. 2023 08:50:19 KRAT; path=/; domain=.otus.ru;secure;; sameSite=None, _gat=1; expires=Ò·, 13 ‡‚„. 2022 08:51:19 KRAT; path=/; domain=.otus.ru, _ym_isad=2; expires=‚Ò, 14 ‡‚„. 2022 04:50:19 KRAT; path=/; domain=.otus.ru;secure;; sameSite=None, _ga=GA1.2.781231655.1660398620; expires=‚Ò, 17 ÒÂÌÚ. 2023 08:50:19 KRAT; path=/; domain=.otus.ru, _ttp=274cefd5-5e89-4612-aabf-39d22ea5ecc2; expires=˜Ú, 07 ÒÂÌÚ. 2023 08:50:19 KRAT; path=/; domain=.otus.ru, advcake_session_id=49b9929c-e762-0587-767f-43ae75c7c7a5; expires=ÔÌ, 12 ÒÂÌÚ. 2022 08:50:19 KRAT; path=/; domain=.otus.ru]
